生成启动时间为 20/2/4 14:48:50。
     1>项目“D:\YuYan\Git_things\projects\WangQiuXue\whack-a-mole\proj.win32\whack-a-mole.vcxproj”在节点 2 上(Build 个目标)。
     1>PreLinkEvent:
         if not exist "D:\YuYan\Git_things\projects\WangQiuXue\whack-a-mole\proj.win32\Debug.win32\" mkdir "D:\YuYan\Git_things\projects\WangQiuXue\whack-a-mole\proj.win32\Debug.win32\"
         xcopy /Y /Q "D:\YuYan\CoCos\Cocos2d-x\cocos2d-x-3.10\prebuilt\win32\*.*" "D:\YuYan\Git_things\projects\WangQiuXue\whack-a-mole\proj.win32\Debug.win32\"
         
         :VCEnd
         复制了 60 个文件
       Link:
         C:\Program Files (x86)\Microsoft Visual Studio 12.0\VC\bin\link.exe /ERRORREPORT:PROMPT /OUT:"D:\YuYan\Git_things\projects\WangQiuXue\whack-a-mole\proj.win32\Debug.win32\whack-a-mole.exe" /INCREMENTAL /NOLOGO /LIBPATH:"D:\YuYan\Git_things\projects\WangQiuXue\whack-a-mole\proj.win32\Debug.win32\\" /LIBPATH:"D:\YuYan\Git_things\projects\WangQiuXue\whack-a-mole\proj.win32\Debug.win32\\" opengl32.lib glew32.lib libzlib.lib libwebp.lib libiconv.lib freetype.lib winmm.lib ws2_32.lib kernel32.lib user32.lib gdi32.lib winspool.lib comdlg32.lib advapi32.lib shell32.lib ole32.lib oleaut32.lib uuid.lib odbc32.lib odbccp32.lib /MANIFEST /MANIFESTUAC:"level='asInvoker' uiAccess='false'" /manifest:embed /DEBUG /PDB:"D:\YuYan\Git_things\projects\WangQiuXue\whack-a-mole\proj.win32\Debug.win32\whack-a-mole.pdb" /SUBSYSTEM:WINDOWS,"5.01" /TLBID:1 /DYNAMICBASE /NXCOMPAT /IMPLIB:"D:\YuYan\Git_things\projects\WangQiuXue\whack-a-mole\proj.win32\Debug.win32\whack-a-mole.lib" /MACHINE:X86 /SAFESEH Debug.win32\game.res
         Debug.win32\AppDelegate.obj
         Debug.win32\GameScene.obj
         Debug.win32\HelloWorldScene.obj
         Debug.win32\main.obj
     1>AppDelegate.obj : warning LNK4075: 忽略“/EDITANDCONTINUE”(由于“/SAFESEH”规范)
            正在创建库 D:\YuYan\Git_things\projects\WangQiuXue\whack-a-mole\proj.win32\Debug.win32\whack-a-mole.lib 和对象 D:\YuYan\Git_things\projects\WangQiuXue\whack-a-mole\proj.win32\Debug.win32\whack-a-mole.exp
         whack-a-mole.vcxproj -> D:\YuYan\Git_things\projects\WangQiuXue\whack-a-mole\proj.win32\Debug.win32\whack-a-mole.exe
       CustomBuildStep:
         if not exist "D:\YuYan\Git_things\projects\WangQiuXue\whack-a-mole\proj.win32\Debug.win32\" mkdir "D:\YuYan\Git_things\projects\WangQiuXue\whack-a-mole\proj.win32\Debug.win32\"
         xcopy "D:\YuYan\Git_things\projects\WangQiuXue\whack-a-mole\proj.win32\..\Resources" "D:\YuYan\Git_things\projects\WangQiuXue\whack-a-mole\proj.win32\Debug.win32\" /D /E /I /F /Y
               
         :VCEnd
         复制了 0 个文件
     1>已完成生成项目“D:\YuYan\Git_things\projects\WangQiuXue\whack-a-mole\proj.win32\whack-a-mole.vcxproj”(Build 个目标)的操作。

生成成功。

已用时间 00:00:05.50
